<?xml version="1.0" encoding="UTF-8"?>
<testsuite name="io.skysail.server.actors.ControllerActorSpec" tests="6" skipped="0" failures="0" errors="0" timestamp="2017-11-09T16:21:51" hostname="carstensmac" time="0.09">
  <properties/>
  <testcase name="Json4sSupport should enable marshalling and unmarshalling objects for `DefaultFormats` and `jackson.Serialization`" classname="io.skysail.server.actors.ControllerActorSpec" time="0.001"/>
  <testcase name="Json4sSupport should enable marshalling and unmarshalling objects for `DefaultFormats` and `native.Serialization`" classname="io.skysail.server.actors.ControllerActorSpec" time="0.001"/>
  <testcase name="Json4sSupport should provide proper error messages for requirement errors" classname="io.skysail.server.actors.ControllerActorSpec" time="0.0"/>
  <testcase name="Json4sSupport should fail with NoContentException when unmarshalling empty entities" classname="io.skysail.server.actors.ControllerActorSpec" time="0.0"/>
  <testcase name="Json4sSupport should fail with UnsupportedContentTypeException when Content-Type is not `application/json`" classname="io.skysail.server.actors.ControllerActorSpec" time="0.0"/>
  <testcase name="Json4sSupport should allow unmarshalling with passed in Content-Types" classname="io.skysail.server.actors.ControllerActorSpec" time="0.0"/>
  <system-out><![CDATA[]]></system-out>
  <system-err><![CDATA[]]></system-err>
</testsuite>
